<?xml version="1.0" encoding="UTF-8"?>
<testsuite xmlns:xsi="http://www.w3.org/2001/XMLSchema-instance" xsi:noNamespaceSchemaLocation="https://maven.apache.org/surefire/maven-surefire-plugin/xsd/surefire-test-report-3.0.xsd" version="3.0" name="TestSuite" time="2.924" tests="64" errors="0" skipped="0" failures="24">
  <properties>
    <property name="java.specification.version" value="17"/>
    <property name="sun.cpu.isalist" value="amd64"/>
    <property name="sun.jnu.encoding" value="Cp1252"/>
    <property name="java.class.path" value="c:\Users\user\OneDrive\Documents\Studying\Testing Automation Developer\Tasks\Task Summary\task_summary\target\test-classes;c:\Users\user\OneDrive\Documents\Studying\Testing Automation Developer\Tasks\Task Summary\task_summary\target\classes;C:\Users\user\.m2\repository\junit\junit\4.11\junit-4.11.jar;C:\Users\user\.m2\repository\org\hamcrest\hamcrest-core\1.3\hamcrest-core-1.3.jar;C:\Users\user\.m2\repository\org\testng\testng\7.6.1\testng-7.6.1.jar;C:\Users\user\.m2\repository\com\google\code\findbugs\jsr305\3.0.2\jsr305-3.0.2.jar;C:\Users\user\.m2\repository\org\slf4j\slf4j-api\1.7.36\slf4j-api-1.7.36.jar;C:\Users\user\.m2\repository\com\beust\jcommander\1.82\jcommander-1.82.jar;C:\Users\user\.m2\repository\org\webjars\jquery\3.6.0\jquery-3.6.0.jar;C:\Users\user\.m2\repository\org\junit\jupiter\junit-jupiter-params\5.0.0\junit-jupiter-params-5.0.0.jar;C:\Users\user\.m2\repository\org\apiguardian\apiguardian-api\1.0.0\apiguardian-api-1.0.0.jar;C:\Users\user\.m2\repository\org\junit\jupiter\junit-jupiter-api\5.0.0\junit-jupiter-api-5.0.0.jar;C:\Users\user\.m2\repository\org\opentest4j\opentest4j\1.0.0\opentest4j-1.0.0.jar;C:\Users\user\.m2\repository\org\junit\platform\junit-platform-commons\1.0.0\junit-platform-commons-1.0.0.jar;C:\Users\user\.m2\repository\com\opencsv\opencsv\5.6\opencsv-5.6.jar;C:\Users\user\.m2\repository\org\apache\commons\commons-lang3\3.12.0\commons-lang3-3.12.0.jar;C:\Users\user\.m2\repository\org\apache\commons\commons-text\1.9\commons-text-1.9.jar;C:\Users\user\.m2\repository\commons-beanutils\commons-beanutils\1.9.4\commons-beanutils-1.9.4.jar;C:\Users\user\.m2\repository\commons-logging\commons-logging\1.2\commons-logging-1.2.jar;C:\Users\user\.m2\repository\commons-collections\commons-collections\3.2.2\commons-collections-3.2.2.jar;C:\Users\user\.m2\repository\org\apache\commons\commons-collections4\4.4\commons-collections4-4.4.jar;"/>
    <property name="java.vm.vendor" value="Eclipse Adoptium"/>
    <property name="sun.arch.data.model" value="64"/>
    <property name="user.variant" value=""/>
    <property name="java.vendor.url" value="https://adoptium.net/"/>
    <property name="user.timezone" value="Asia/Jerusalem"/>
    <property name="os.name" value="Windows 10"/>
    <property name="java.vm.specification.version" value="17"/>
    <property name="sun.java.launcher" value="SUN_STANDARD"/>
    <property name="user.country" value="US"/>
    <property name="sun.boot.library.path" value="C:\Program Files\Eclipse Adoptium\jdk-17.0.3.7-hotspot\bin"/>
    <property name="sun.java.command" value="C:\Users\user\AppData\Local\Temp\surefire5399908352053808554\surefirebooter17758718734772444405.jar C:\Users\user\AppData\Local\Temp\surefire5399908352053808554 2022-09-03T19-45-57_490-jvmRun1 surefire13904864824093282362tmp surefire_02764514132361503040tmp"/>
    <property name="jdk.debug" value="release"/>
    <property name="surefire.test.class.path" value="c:\Users\user\OneDrive\Documents\Studying\Testing Automation Developer\Tasks\Task Summary\task_summary\target\test-classes;c:\Users\user\OneDrive\Documents\Studying\Testing Automation Developer\Tasks\Task Summary\task_summary\target\classes;C:\Users\user\.m2\repository\junit\junit\4.11\junit-4.11.jar;C:\Users\user\.m2\repository\org\hamcrest\hamcrest-core\1.3\hamcrest-core-1.3.jar;C:\Users\user\.m2\repository\org\testng\testng\7.6.1\testng-7.6.1.jar;C:\Users\user\.m2\repository\com\google\code\findbugs\jsr305\3.0.2\jsr305-3.0.2.jar;C:\Users\user\.m2\repository\org\slf4j\slf4j-api\1.7.36\slf4j-api-1.7.36.jar;C:\Users\user\.m2\repository\com\beust\jcommander\1.82\jcommander-1.82.jar;C:\Users\user\.m2\repository\org\webjars\jquery\3.6.0\jquery-3.6.0.jar;C:\Users\user\.m2\repository\org\junit\jupiter\junit-jupiter-params\5.0.0\junit-jupiter-params-5.0.0.jar;C:\Users\user\.m2\repository\org\apiguardian\apiguardian-api\1.0.0\apiguardian-api-1.0.0.jar;C:\Users\user\.m2\repository\org\junit\jupiter\junit-jupiter-api\5.0.0\junit-jupiter-api-5.0.0.jar;C:\Users\user\.m2\repository\org\opentest4j\opentest4j\1.0.0\opentest4j-1.0.0.jar;C:\Users\user\.m2\repository\org\junit\platform\junit-platform-commons\1.0.0\junit-platform-commons-1.0.0.jar;C:\Users\user\.m2\repository\com\opencsv\opencsv\5.6\opencsv-5.6.jar;C:\Users\user\.m2\repository\org\apache\commons\commons-lang3\3.12.0\commons-lang3-3.12.0.jar;C:\Users\user\.m2\repository\org\apache\commons\commons-text\1.9\commons-text-1.9.jar;C:\Users\user\.m2\repository\commons-beanutils\commons-beanutils\1.9.4\commons-beanutils-1.9.4.jar;C:\Users\user\.m2\repository\commons-logging\commons-logging\1.2\commons-logging-1.2.jar;C:\Users\user\.m2\repository\commons-collections\commons-collections\3.2.2\commons-collections-3.2.2.jar;C:\Users\user\.m2\repository\org\apache\commons\commons-collections4\4.4\commons-collections4-4.4.jar;"/>
    <property name="sun.cpu.endian" value="little"/>
    <property name="user.home" value="C:\Users\user"/>
    <property name="user.language" value="en"/>
    <property name="java.specification.vendor" value="Oracle Corporation"/>
    <property name="java.version.date" value="2022-04-19"/>
    <property name="java.home" value="C:\Program Files\Eclipse Adoptium\jdk-17.0.3.7-hotspot"/>
    <property name="file.separator" value="\"/>
    <property name="basedir" value="c:\Users\user\OneDrive\Documents\Studying\Testing Automation Developer\Tasks\Task Summary\task_summary"/>
    <property name="java.vm.compressedOopsMode" value="32-bit"/>
    <property name="line.separator" value="&#10;"/>
    <property name="java.vm.specification.vendor" value="Oracle Corporation"/>
    <property name="java.specification.name" value="Java Platform API Specification"/>
    <property name="surefire.real.class.path" value="C:\Users\user\AppData\Local\Temp\surefire5399908352053808554\surefirebooter17758718734772444405.jar"/>
    <property name="user.script" value=""/>
    <property name="sun.management.compiler" value="HotSpot 64-Bit Tiered Compilers"/>
    <property name="java.runtime.version" value="17.0.3+7"/>
    <property name="user.name" value="hope"/>
    <property name="path.separator" value=";"/>
    <property name="os.version" value="10.0"/>
    <property name="java.runtime.name" value="OpenJDK Runtime Environment"/>
    <property name="file.encoding" value="Cp1252"/>
    <property name="java.vm.name" value="OpenJDK 64-Bit Server VM"/>
    <property name="java.vendor.version" value="Temurin-17.0.3+7"/>
    <property name="localRepository" value="C:\Users\user\.m2\repository"/>
    <property name="java.vendor.url.bug" value="https://github.com/adoptium/adoptium-support/issues"/>
    <property name="java.io.tmpdir" value="C:\Users\user\AppData\Local\Temp\"/>
    <property name="java.version" value="17.0.3"/>
    <property name="user.dir" value="c:\Users\user\OneDrive\Documents\Studying\Testing Automation Developer\Tasks\Task Summary\task_summary"/>
    <property name="os.arch" value="amd64"/>
    <property name="java.vm.specification.name" value="Java Virtual Machine Specification"/>
    <property name="sun.os.patch.level" value=""/>
    <property name="native.encoding" value="Cp1252"/>
    <property name="java.library.path" value="C:\Program Files\Eclipse Adoptium\jdk-17.0.3.7-hotspot\bin;C:\WINDOWS\Sun\Java\bin;C:\WINDOWS\system32;C:\WINDOWS;C:\Program Files\Eclipse Adoptium\jdk-17.0.3.7-hotspot\bin;C:\Python39\Scripts\;C:\Python39\;C:\Program Files (x86)\SIEMENS\S7-PCT\bin;C:\Program Files (x86)\Common Files\Siemens\Sqlany;C:\Program Files (x86)\Siemens\Step7\S7bin;C:\Program Files\Common Files\Siemens\Automation\Simatic OAM\bin;C:\Program Files (x86)\Intel\Intel(R) Management Engine Components\iCLS\;C:\Program Files\Intel\Intel(R) Management Engine Components\iCLS\;C:\WINDOWS\system32;C:\WINDOWS;C:\WINDOWS\System32\Wbem;C:\WINDOWS\System32\WindowsPowerShell\v1.0\;C:\Program Files (x86)\HP\HP Performance Advisor;C:\WINDOWS\System32\OpenSSH\;C:\Program Files (x86)\Intel\Intel(R) Management Engine Components\DAL;C:\Program Files\Intel\Intel(R) Management Engine Components\DAL;C:\Program Files (x86)\Intel\Intel(R) Management Engine Components\IPT;C:\Program Files\Intel\Intel(R) Management Engine Components\IPT;C:\Program Files\Common Files\Autodesk Shared\;C:\Program Files (x86)\Autodesk\Backburner\;C:\Program Files\MATLAB\R2018a\runtime\win64;C:\Program Files\MATLAB\R2018a\bin;C:\Program Files\Microsoft SQL Server\120\Tools\Binn\;C:\Program Files\Intel\WiFi\bin\;C:\Program Files\Common Files\Intel\WirelessCommon\;C:\Program Files (x86)\Microchip\MPLAB C32 Suite\bin;%QUARTUS_ROOTDIR%\bin;C:\Program Files\PKWARE\pkzipc;C:\Program Files\nodejs\;C:\ProgramData\chocolatey\bin;C:\Program Files\Git\cmd;C:\Program Files\Git\mingw64\bin;C:\Program Files\Git\usr\bin;C:\Program Files\mingw-w64\x86_64-8.1.0-posix-seh-rt_v6-rev0\mingw64\bin;C:\Users\user\mongosh-1.1.8-win32-x64\bin\monogsh;%MAVEN_HOME%\bin;C:\Users\user\AppData\Local\Programs\Python\Python310\Scripts\;C:\Users\user\AppData\Local\Programs\Python\Python310\;C:\Users\user\AppData\Local\Microsoft\WindowsApps;C:\Program Files\Intel\WiFi\bin\;C:\Program Files\Common Files\Intel\WirelessCommon\;C:\Users\user\AppData\Local\Programs\Microsoft VS Code\bin;C:\Users\user\AppData\Roaming\npm;C:\Program Files\heroku\bin;."/>
    <property name="java.vm.info" value="mixed mode, sharing"/>
    <property name="java.vendor" value="Eclipse Adoptium"/>
    <property name="java.vm.version" value="17.0.3+7"/>
    <property name="sun.io.unicode.encoding" value="UnicodeLittle"/>
    <property name="java.class.version" value="61.0"/>
  </properties>
  <testcase name="getCircleArea" classname="task.AppTestNGTest" time="0.028"/>
  <testcase name="getCircleArea" classname="task.AppTestNGTest" time="0"/>
  <testcase name="getCircleArea" classname="task.AppTestNGTest" time="0"/>
  <testcase name="getCircleArea" classname="task.AppTestNGTest" time="0"/>
  <testcase name="getEllipseArea" classname="task.AppTestNGTest" time="0.002"/>
  <testcase name="getEllipseArea" classname="task.AppTestNGTest" time="0.002"/>
  <testcase name="getEllipseArea" classname="task.AppTestNGTest" time="0.001"/>
  <testcase name="getEllipseArea" classname="task.AppTestNGTest" time="0.001"/>
  <testcase name="getParallelogramArea" classname="task.AppTestNGTest" time="0.018">
    <failure message="CAN&apos;T ENTER STRING!!! LENGTHS MUST BE POSITIVE NUMBERS" type="java.lang.AssertionError"><![CDATA[java.lang.AssertionError: CAN'T ENTER STRING!!! LENGTHS MUST BE POSITIVE NUMBERS
	at task.AppTestNGTest.getParallelogramArea(AppTestNGTest.java:94)
]]></failure>
  </testcase>
  <testcase name="getParallelogramArea" classname="task.AppTestNGTest" time="0.004">
    <failure message="CAN&apos;T ENTER ZERO!!! LENGTHS MUST BE POSITIVE NUMBERS" type="java.lang.AssertionError"><![CDATA[java.lang.AssertionError: CAN'T ENTER ZERO!!! LENGTHS MUST BE POSITIVE NUMBERS
	at task.AppTestNGTest.getParallelogramArea(AppTestNGTest.java:94)
]]></failure>
  </testcase>
  <testcase name="getParallelogramArea" classname="task.AppTestNGTest" time="0.002"/>
  <testcase name="getParallelogramArea" classname="task.AppTestNGTest" time="0.034">
    <failure message="CAN&apos;T ENTER NEGATIVE NUMBERS!!! LENGTHS MUST BE POSITIVE NUMBERS expected [0.0] but found [-4.0]" type="java.lang.AssertionError"><![CDATA[java.lang.AssertionError: CAN'T ENTER NEGATIVE NUMBERS!!! LENGTHS MUST BE POSITIVE NUMBERS expected [0.0] but found [-4.0]
	at task.AppTestNGTest.getParallelogramArea(AppTestNGTest.java:94)
]]></failure>
  </testcase>
  <testcase name="getRectangleArea" classname="task.AppTestNGTest" time="0.001">
    <failure message="CAN&apos;T ENTER STRING!!! LENGTHS MUST BE POSITIVE NUMBERS" type="java.lang.AssertionError"><![CDATA[java.lang.AssertionError: CAN'T ENTER STRING!!! LENGTHS MUST BE POSITIVE NUMBERS
	at task.AppTestNGTest.getRectangleArea(AppTestNGTest.java:99)
]]></failure>
  </testcase>
  <testcase name="getRectangleArea" classname="task.AppTestNGTest" time="0.01">
    <failure message="CAN&apos;T ENTER ZERO!!! LENGTHS MUST BE POSITIVE NUMBERS" type="java.lang.AssertionError"><![CDATA[java.lang.AssertionError: CAN'T ENTER ZERO!!! LENGTHS MUST BE POSITIVE NUMBERS
	at task.AppTestNGTest.getRectangleArea(AppTestNGTest.java:99)
]]></failure>
  </testcase>
  <testcase name="getRectangleArea" classname="task.AppTestNGTest" time="0"/>
  <testcase name="getRectangleArea" classname="task.AppTestNGTest" time="0.002">
    <failure message="CAN&apos;T ENTER NEGATIVE NUMBERS!!! LENGTHS MUST BE POSITIVE NUMBERS expected [0.0] but found [-4.0]" type="java.lang.AssertionError"><![CDATA[java.lang.AssertionError: CAN'T ENTER NEGATIVE NUMBERS!!! LENGTHS MUST BE POSITIVE NUMBERS expected [0.0] but found [-4.0]
	at task.AppTestNGTest.getRectangleArea(AppTestNGTest.java:99)
]]></failure>
  </testcase>
  <testcase name="getSectorArea" classname="task.AppTestNGTest" time="0.005"/>
  <testcase name="getSectorArea" classname="task.AppTestNGTest" time="0"/>
  <testcase name="getSectorArea" classname="task.AppTestNGTest" time="0"/>
  <testcase name="getSectorArea" classname="task.AppTestNGTest" time="0"/>
  <testcase name="getSquareArea" classname="task.AppTestNGTest" time="0"/>
  <testcase name="getSquareArea" classname="task.AppTestNGTest" time="0"/>
  <testcase name="getSquareArea" classname="task.AppTestNGTest" time="0.001"/>
  <testcase name="getSquareArea" classname="task.AppTestNGTest" time="0"/>
  <testcase name="getTrapezoidArea" classname="task.AppTestNGTest" time="0">
    <failure message="CAN&apos;T ENTER STRING!!! LENGTHS MUST BE POSITIVE NUMBERS" type="java.lang.AssertionError"><![CDATA[java.lang.AssertionError: CAN'T ENTER STRING!!! LENGTHS MUST BE POSITIVE NUMBERS
	at task.AppTestNGTest.getTrapezoidArea(AppTestNGTest.java:114)
]]></failure>
  </testcase>
  <testcase name="getTrapezoidArea" classname="task.AppTestNGTest" time="0.001">
    <failure message="CAN&apos;T ENTER ZERO!!! LENGTHS MUST BE POSITIVE NUMBERS" type="java.lang.AssertionError"><![CDATA[java.lang.AssertionError: CAN'T ENTER ZERO!!! LENGTHS MUST BE POSITIVE NUMBERS
	at task.AppTestNGTest.getTrapezoidArea(AppTestNGTest.java:114)
]]></failure>
  </testcase>
  <testcase name="getTrapezoidArea" classname="task.AppTestNGTest" time="0"/>
  <testcase name="getTrapezoidArea" classname="task.AppTestNGTest" time="0">
    <failure message="CAN&apos;T ENTER NEGATIVE NUMBERS!!! LENGTHS MUST BE POSITIVE NUMBERS expected [0.0] but found [2.0]" type="java.lang.AssertionError"><![CDATA[java.lang.AssertionError: CAN'T ENTER NEGATIVE NUMBERS!!! LENGTHS MUST BE POSITIVE NUMBERS expected [0.0] but found [2.0]
	at task.AppTestNGTest.getTrapezoidArea(AppTestNGTest.java:114)
]]></failure>
  </testcase>
  <testcase name="getTriangleArea" classname="task.AppTestNGTest" time="0">
    <failure message="CAN&apos;T ENTER STRING!!! LENGTHS MUST BE POSITIVE NUMBERS" type="java.lang.AssertionError"><![CDATA[java.lang.AssertionError: CAN'T ENTER STRING!!! LENGTHS MUST BE POSITIVE NUMBERS
	at task.AppTestNGTest.getTriangleArea(AppTestNGTest.java:119)
]]></failure>
  </testcase>
  <testcase name="getTriangleArea" classname="task.AppTestNGTest" time="0.001">
    <failure message="CAN&apos;T ENTER ZERO!!! LENGTHS MUST BE POSITIVE NUMBERS" type="java.lang.AssertionError"><![CDATA[java.lang.AssertionError: CAN'T ENTER ZERO!!! LENGTHS MUST BE POSITIVE NUMBERS
	at task.AppTestNGTest.getTriangleArea(AppTestNGTest.java:119)
]]></failure>
  </testcase>
  <testcase name="getTriangleArea" classname="task.AppTestNGTest" time="0.002"/>
  <testcase name="getTriangleArea" classname="task.AppTestNGTest" time="0.001">
    <failure message="CAN&apos;T ENTER NEGATIVE NUMBERS!!! LENGTHS MUST BE POSITIVE NUMBERS expected [0.0] but found [-2.0]" type="java.lang.AssertionError"><![CDATA[java.lang.AssertionError: CAN'T ENTER NEGATIVE NUMBERS!!! LENGTHS MUST BE POSITIVE NUMBERS expected [0.0] but found [-2.0]
	at task.AppTestNGTest.getTriangleArea(AppTestNGTest.java:119)
]]></failure>
  </testcase>
  <testcase name="getCircleArea" classname="task.TestClassForFactory" time="0"/>
  <testcase name="getCircleArea" classname="task.TestClassForFactory" time="0"/>
  <testcase name="getCircleArea" classname="task.TestClassForFactory" time="0"/>
  <testcase name="getCircleArea" classname="task.TestClassForFactory" time="0"/>
  <testcase name="getEllipseArea" classname="task.TestClassForFactory" time="0.001"/>
  <testcase name="getEllipseArea" classname="task.TestClassForFactory" time="0"/>
  <testcase name="getEllipseArea" classname="task.TestClassForFactory" time="0.001"/>
  <testcase name="getEllipseArea" classname="task.TestClassForFactory" time="0"/>
  <testcase name="getParallelogramArea" classname="task.TestClassForFactory" time="0.003">
    <failure message="CAN&apos;T ENTER STRING!!! LENGTHS MUST BE POSITIVE NUMBERS" type="java.lang.AssertionError"><![CDATA[java.lang.AssertionError: CAN'T ENTER STRING!!! LENGTHS MUST BE POSITIVE NUMBERS
	at task.TestClassForFactory.getParallelogramArea(TestClassForFactory.java:32)
]]></failure>
  </testcase>
  <testcase name="getParallelogramArea" classname="task.TestClassForFactory" time="0"/>
  <testcase name="getParallelogramArea" classname="task.TestClassForFactory" time="0.004">
    <failure message="CAN&apos;T ENTER NEGATIVE NUMBERS!!! LENGTHS MUST BE POSITIVE NUMBERS expected [0.0] but found [-4.0]" type="java.lang.AssertionError"><![CDATA[java.lang.AssertionError: CAN'T ENTER NEGATIVE NUMBERS!!! LENGTHS MUST BE POSITIVE NUMBERS expected [0.0] but found [-4.0]
	at task.TestClassForFactory.getParallelogramArea(TestClassForFactory.java:32)
]]></failure>
  </testcase>
  <testcase name="getParallelogramArea" classname="task.TestClassForFactory" time="0.003">
    <failure message="CAN&apos;T ENTER ZERO!!! LENGTHS MUST BE POSITIVE NUMBERS" type="java.lang.AssertionError"><![CDATA[java.lang.AssertionError: CAN'T ENTER ZERO!!! LENGTHS MUST BE POSITIVE NUMBERS
	at task.TestClassForFactory.getParallelogramArea(TestClassForFactory.java:32)
]]></failure>
  </testcase>
  <testcase name="getRectangleArea" classname="task.TestClassForFactory" time="0">
    <failure message="CAN&apos;T ENTER STRING!!! LENGTHS MUST BE POSITIVE NUMBERS" type="java.lang.AssertionError"><![CDATA[java.lang.AssertionError: CAN'T ENTER STRING!!! LENGTHS MUST BE POSITIVE NUMBERS
	at task.TestClassForFactory.getRectangleArea(TestClassForFactory.java:37)
]]></failure>
  </testcase>
  <testcase name="getRectangleArea" classname="task.TestClassForFactory" time="0"/>
  <testcase name="getRectangleArea" classname="task.TestClassForFactory" time="0.002">
    <failure message="CAN&apos;T ENTER NEGATIVE NUMBERS!!! LENGTHS MUST BE POSITIVE NUMBERS expected [0.0] but found [-4.0]" type="java.lang.AssertionError"><![CDATA[java.lang.AssertionError: CAN'T ENTER NEGATIVE NUMBERS!!! LENGTHS MUST BE POSITIVE NUMBERS expected [0.0] but found [-4.0]
	at task.TestClassForFactory.getRectangleArea(TestClassForFactory.java:37)
]]></failure>
  </testcase>
  <testcase name="getRectangleArea" classname="task.TestClassForFactory" time="0.006">
    <failure message="CAN&apos;T ENTER ZERO!!! LENGTHS MUST BE POSITIVE NUMBERS" type="java.lang.AssertionError"><![CDATA[java.lang.AssertionError: CAN'T ENTER ZERO!!! LENGTHS MUST BE POSITIVE NUMBERS
	at task.TestClassForFactory.getRectangleArea(TestClassForFactory.java:37)
]]></failure>
  </testcase>
  <testcase name="getSectorArea" classname="task.TestClassForFactory" time="0"/>
  <testcase name="getSectorArea" classname="task.TestClassForFactory" time="0"/>
  <testcase name="getSectorArea" classname="task.TestClassForFactory" time="0"/>
  <testcase name="getSectorArea" classname="task.TestClassForFactory" time="0"/>
  <testcase name="getSquareArea" classname="task.TestClassForFactory" time="0.001"/>
  <testcase name="getSquareArea" classname="task.TestClassForFactory" time="0"/>
  <testcase name="getSquareArea" classname="task.TestClassForFactory" time="0"/>
  <testcase name="getSquareArea" classname="task.TestClassForFactory" time="0"/>
  <testcase name="getTrapezoidArea" classname="task.TestClassForFactory" time="0">
    <failure message="CAN&apos;T ENTER STRING!!! LENGTHS MUST BE POSITIVE NUMBERS" type="java.lang.AssertionError"><![CDATA[java.lang.AssertionError: CAN'T ENTER STRING!!! LENGTHS MUST BE POSITIVE NUMBERS
	at task.TestClassForFactory.getTrapezoidArea(TestClassForFactory.java:52)
]]></failure>
  </testcase>
  <testcase name="getTrapezoidArea" classname="task.TestClassForFactory" time="0"/>
  <testcase name="getTrapezoidArea" classname="task.TestClassForFactory" time="0.005">
    <failure message="CAN&apos;T ENTER NEGATIVE NUMBERS!!! LENGTHS MUST BE POSITIVE NUMBERS expected [0.0] but found [2.0]" type="java.lang.AssertionError"><![CDATA[java.lang.AssertionError: CAN'T ENTER NEGATIVE NUMBERS!!! LENGTHS MUST BE POSITIVE NUMBERS expected [0.0] but found [2.0]
	at task.TestClassForFactory.getTrapezoidArea(TestClassForFactory.java:52)
]]></failure>
  </testcase>
  <testcase name="getTrapezoidArea" classname="task.TestClassForFactory" time="0">
    <failure message="CAN&apos;T ENTER ZERO!!! LENGTHS MUST BE POSITIVE NUMBERS" type="java.lang.AssertionError"><![CDATA[java.lang.AssertionError: CAN'T ENTER ZERO!!! LENGTHS MUST BE POSITIVE NUMBERS
	at task.TestClassForFactory.getTrapezoidArea(TestClassForFactory.java:52)
]]></failure>
  </testcase>
  <testcase name="getTriangleArea" classname="task.TestClassForFactory" time="0.002">
    <failure message="CAN&apos;T ENTER STRING!!! LENGTHS MUST BE POSITIVE NUMBERS" type="java.lang.AssertionError"><![CDATA[java.lang.AssertionError: CAN'T ENTER STRING!!! LENGTHS MUST BE POSITIVE NUMBERS
	at task.TestClassForFactory.getTriangleArea(TestClassForFactory.java:57)
]]></failure>
  </testcase>
  <testcase name="getTriangleArea" classname="task.TestClassForFactory" time="0"/>
  <testcase name="getTriangleArea" classname="task.TestClassForFactory" time="0.003">
    <failure message="CAN&apos;T ENTER NEGATIVE NUMBERS!!! LENGTHS MUST BE POSITIVE NUMBERS expected [0.0] but found [-2.0]" type="java.lang.AssertionError"><![CDATA[java.lang.AssertionError: CAN'T ENTER NEGATIVE NUMBERS!!! LENGTHS MUST BE POSITIVE NUMBERS expected [0.0] but found [-2.0]
	at task.TestClassForFactory.getTriangleArea(TestClassForFactory.java:57)
]]></failure>
  </testcase>
  <testcase name="getTriangleArea" classname="task.TestClassForFactory" time="0.002">
    <failure message="CAN&apos;T ENTER ZERO!!! LENGTHS MUST BE POSITIVE NUMBERS" type="java.lang.AssertionError"><![CDATA[java.lang.AssertionError: CAN'T ENTER ZERO!!! LENGTHS MUST BE POSITIVE NUMBERS
	at task.TestClassForFactory.getTriangleArea(TestClassForFactory.java:57)
]]></failure>
  </testcase>
</testsuite>