<?xml version="1.0" encoding="UTF-8"?>
<!-- Generated by org.testng.reporters.JUnitXMLReporter -->
<testsuite ignored="0" hostname="DESKTOP-D3N9BFH" failures="6" tests="32" name="Area Calculation" time="0.197" errors="0" timestamp="2022-08-29T00:26:36 IDT">
  <testcase classname="task.AppTestNGTest" name="getCircleArea" time="0.02"/>
  <testcase classname="task.AppTestNGTest" name="getCircleArea" time="0.001"/>
  <testcase classname="task.AppTestNGTest" name="getCircleArea" time="0.001"/>
  <testcase classname="task.AppTestNGTest" name="getCircleArea" time="0.0"/>
  <testcase classname="task.AppTestNGTest" name="getEllipseArea" time="0.002"/>
  <testcase classname="task.AppTestNGTest" name="getEllipseArea" time="0.0"/>
  <testcase classname="task.AppTestNGTest" name="getEllipseArea" time="0.0"/>
  <testcase classname="task.AppTestNGTest" name="getEllipseArea" time="0.0"/>
  <testcase classname="task.AppTestNGTest" name="getParallelogramArea" time="0.002"/>
  <testcase classname="task.AppTestNGTest" name="getParallelogramArea" time="0.0"/>
  <testcase classname="task.AppTestNGTest" name="getParallelogramArea" time="0.0"/>
  <testcase classname="task.AppTestNGTest" name="getParallelogramArea" time="0.032">
    <failure type="java.lang.AssertionError" message="expected [-4.0] but found [0.0]">
      <![CDATA[java.lang.AssertionError: expected [-4.0] but found [0.0]
at task.AppTestNGTest.getParallelogramArea(AppTestNGTest.java:61)
at java.base/java.util.ArrayList.forEach(ArrayList.java:1511)
... Removed 35 stack frames]]>
    </failure>
  </testcase> <!-- getParallelogramArea -->
  <testcase classname="task.AppTestNGTest" name="getRectangleArea" time="0.002"/>
  <testcase classname="task.AppTestNGTest" name="getRectangleArea" time="0.0"/>
  <testcase classname="task.AppTestNGTest" name="getRectangleArea" time="0.0"/>
  <testcase classname="task.AppTestNGTest" name="getRectangleArea" time="0.0">
    <failure type="java.lang.AssertionError" message="expected [-4.0] but found [0.0]">
      <![CDATA[java.lang.AssertionError: expected [-4.0] but found [0.0]
at task.AppTestNGTest.getRectangleArea(AppTestNGTest.java:71)
at java.base/java.util.ArrayList.forEach(ArrayList.java:1511)
... Removed 35 stack frames]]>
    </failure>
  </testcase> <!-- getRectangleArea -->
  <testcase classname="task.AppTestNGTest" name="getSectorArea" time="0.002"/>
  <testcase classname="task.AppTestNGTest" name="getSectorArea" time="0.0"/>
  <testcase classname="task.AppTestNGTest" name="getSectorArea" time="0.0"/>
  <testcase classname="task.AppTestNGTest" name="getSectorArea" time="0.001"/>
  <testcase classname="task.AppTestNGTest" name="getSquareArea" time="0.002"/>
  <testcase classname="task.AppTestNGTest" name="getSquareArea" time="0.0">
    <failure type="java.lang.AssertionError" message="expected [1.0] but found [0.0]">
      <![CDATA[java.lang.AssertionError: expected [1.0] but found [0.0]
at task.AppTestNGTest.getSquareArea(AppTestNGTest.java:90)
at java.base/java.util.ArrayList.forEach(ArrayList.java:1511)
... Removed 35 stack frames]]>
    </failure>
  </testcase> <!-- getSquareArea -->
  <testcase classname="task.AppTestNGTest" name="getSquareArea" time="0.001"/>
  <testcase classname="task.AppTestNGTest" name="getSquareArea" time="0.001"/>
  <testcase classname="task.AppTestNGTest" name="getTrapezoidArea" time="0.002"/>
  <testcase classname="task.AppTestNGTest" name="getTrapezoidArea" time="0.0">
    <failure type="java.lang.AssertionError" message="expected [-3.0] but found [0.0]">
      <![CDATA[java.lang.AssertionError: expected [-3.0] but found [0.0]
at task.AppTestNGTest.getTrapezoidArea(AppTestNGTest.java:101)
at java.base/java.util.ArrayList.forEach(ArrayList.java:1511)
... Removed 35 stack frames]]>
    </failure>
  </testcase> <!-- getTrapezoidArea -->
  <testcase classname="task.AppTestNGTest" name="getTrapezoidArea" time="0.001"/>
  <testcase classname="task.AppTestNGTest" name="getTrapezoidArea" time="0.001">
    <failure type="java.lang.AssertionError" message="expected [2.0] but found [0.0]">
      <![CDATA[java.lang.AssertionError: expected [2.0] but found [0.0]
at task.AppTestNGTest.getTrapezoidArea(AppTestNGTest.java:101)
at java.base/java.util.ArrayList.forEach(ArrayList.java:1511)
... Removed 35 stack frames]]>
    </failure>
  </testcase> <!-- getTrapezoidArea -->
  <testcase classname="task.AppTestNGTest" name="getTriangleArea" time="0.001"/>
  <testcase classname="task.AppTestNGTest" name="getTriangleArea" time="0.0"/>
  <testcase classname="task.AppTestNGTest" name="getTriangleArea" time="0.0"/>
  <testcase classname="task.AppTestNGTest" name="getTriangleArea" time="0.0">
    <failure type="java.lang.AssertionError" message="expected [-2.0] but found [0.0]">
      <![CDATA[java.lang.AssertionError: expected [-2.0] but found [0.0]
at task.AppTestNGTest.getTriangleArea(AppTestNGTest.java:111)
at java.base/java.util.ArrayList.forEach(ArrayList.java:1511)
... Removed 35 stack frames]]>
    </failure>
  </testcase> <!-- getTriangleArea -->
</testsuite> <!-- Area Calculation -->
